2018-08-16 15:07:04 [restartedMain] INFO  SecWatchDogApplication:48 - Starting SecWatchDogApplication on wj-PC with PID 10968 (E:\github\mine\secwatchdog\target\classes started by wj in E:\github\mine\secwatchdog)
2018-08-16 15:07:04 [restartedMain] INFO  SecWatchDogApplication:663 - The following profiles are active: dev
2018-08-16 15:07:04 [restartedMain] INFO  AnnotationConfigEmbeddedWebApplicationContext:581 - Refreshing org.springframework.boot.context.embedded.AnnotationConfigEmbeddedWebApplicationContext@286395a3: startup date [Thu Aug 16 15:07:04 CST 2018]; root of context hierarchy
2018-08-16 15:07:04 [background-preinit] INFO  Version:30 - HV000001: Hibernate Validator 5.2.4.Final
2018-08-16 15:07:05 [restartedMain] INFO  DefaultListableBeanFactory:843 - Overriding bean definition for bean 'characterEncodingFilter' with a different definition: replacing [Root bean: class [null]; scope=; abstract=false; lazyInit=false; autowireMode=3; dependencyCheck=0; autowireCandidate=true; primary=false; factoryBeanName=filterConfig; factoryMethodName=characterEncodingFilter; initMethodName=null; destroyMethodName=(inferred); defined in class path resource [sec/secwatchdog/config/FilterConfig.class]] with [Root bean: class [null]; scope=; abstract=false; lazyInit=false; autowireMode=3; dependencyCheck=0; autowireCandidate=true; primary=false; factoryBeanName=org.springframework.boot.autoconfigure.web.HttpEncodingAutoConfiguration; factoryMethodName=characterEncodingFilter; initMethodName=null; destroyMethodName=(inferred); defined in class path resource [org/springframework/boot/autoconfigure/web/HttpEncodingAutoConfiguration.class]]
2018-08-16 15:07:06 [restartedMain] INFO  PostProcessorRegistrationDelegate$BeanPostProcessorChecker:328 - Bean 'org.springframework.transaction.annotation.ProxyTransactionManagementConfiguration' of type [class org.springframework.transaction.annotation.ProxyTransactionManagementConfiguration$$EnhancerBySpringCGLIB$$735c770f] is not eligible for getting processed by all BeanPostProcessors (for example: not eligible for auto-proxying)
2018-08-16 15:07:06 [restartedMain] INFO  PostProcessorRegistrationDelegate$BeanPostProcessorChecker:328 - Bean 'shiroConfig' of type [class sec.secwatchdog.shiro.ShiroConfig$$EnhancerBySpringCGLIB$$5ed8cd1d] is not eligible for getting processed by all BeanPostProcessors (for example: not eligible for auto-proxying)
2018-08-16 15:07:07 [restartedMain] INFO  PostProcessorRegistrationDelegate$BeanPostProcessorChecker:328 - Bean 'mybatis-org.mybatis.spring.boot.autoconfigure.MybatisProperties' of type [class org.mybatis.spring.boot.autoconfigure.MybatisProperties] is not eligible for getting processed by all BeanPostProcessors (for example: not eligible for auto-proxying)
2018-08-16 15:07:07 [restartedMain] INFO  PostProcessorRegistrationDelegate$BeanPostProcessorChecker:328 - Bean 'org.mybatis.spring.boot.autoconfigure.MybatisAutoConfiguration' of type [class org.mybatis.spring.boot.autoconfigure.MybatisAutoConfiguration$$EnhancerBySpringCGLIB$$a630c83f] is not eligible for getting processed by all BeanPostProcessors (for example: not eligible for auto-proxying)
2018-08-16 15:07:07 [restartedMain] INFO  PostProcessorRegistrationDelegate$BeanPostProcessorChecker:328 - Bean 'com.alibaba.druid.spring.boot.autoconfigure.DruidDataSourceAutoConfigure' of type [class com.alibaba.druid.spring.boot.autoconfigure.DruidDataSourceAutoConfigure$$EnhancerBySpringCGLIB$$8d086c81] is not eligible for getting processed by all BeanPostProcessors (for example: not eligible for auto-proxying)
2018-08-16 15:07:07 [restartedMain] INFO  DruidDataSourceAutoConfigure:56 - Init DruidDataSource
2018-08-16 15:07:07 [restartedMain] INFO  PostProcessorRegistrationDelegate$BeanPostProcessorChecker:328 - Bean 'spring.datasource-org.springframework.boot.autoconfigure.jdbc.DataSourceProperties' of type [class org.springframework.boot.autoconfigure.jdbc.DataSourceProperties] is not eligible for getting processed by all BeanPostProcessors (for example: not eligible for auto-proxying)
2018-08-16 15:07:07 [restartedMain] INFO  PostProcessorRegistrationDelegate$BeanPostProcessorChecker:328 - Bean 'com.alibaba.druid.spring.boot.autoconfigure.stat.DruidFilterConfiguration' of type [class com.alibaba.druid.spring.boot.autoconfigure.stat.DruidFilterConfiguration] is not eligible for getting processed by all BeanPostProcessors (for example: not eligible for auto-proxying)
2018-08-16 15:07:07 [restartedMain] INFO  PostProcessorRegistrationDelegate$BeanPostProcessorChecker:328 - Bean 'statFilter' of type [class com.alibaba.druid.filter.stat.StatFilter] is not eligible for getting processed by all BeanPostProcessors (for example: not eligible for auto-proxying)
2018-08-16 15:07:08 [restartedMain] INFO  DruidDataSource:930 - {dataSource-1} inited
2018-08-16 15:07:08 [restartedMain] INFO  PostProcessorRegistrationDelegate$BeanPostProcessorChecker:328 - Bean 'dataSource' of type [class com.alibaba.druid.spring.boot.autoconfigure.DruidDataSourceWrapper] is not eligible for getting processed by all BeanPostProcessors (for example: not eligible for auto-proxying)
2018-08-16 15:07:08 [restartedMain] INFO  PostProcessorRegistrationDelegate$BeanPostProcessorChecker:328 - Bean 'org.springframework.boot.autoconfigure.jdbc.DataSourceAutoConfiguration' of type [class org.springframework.boot.autoconfigure.jdbc.DataSourceAutoConfiguration$$EnhancerBySpringCGLIB$$55501a6f] is not eligible for getting processed by all BeanPostProcessors (for example: not eligible for auto-proxying)
2018-08-16 15:07:08 [restartedMain] INFO  PostProcessorRegistrationDelegate$BeanPostProcessorChecker:328 - Bean 'dataSourceInitializer' of type [class org.springframework.boot.autoconfigure.jdbc.DataSourceInitializer] is not eligible for getting processed by all BeanPostProcessors (for example: not eligible for auto-proxying)
2018-08-16 15:07:08 [restartedMain] INFO  PostProcessorRegistrationDelegate$BeanPostProcessorChecker:328 - Bean 'sqlSessionFactory' of type [class org.apache.ibatis.session.defaults.DefaultSqlSessionFactory] is not eligible for getting processed by all BeanPostProcessors (for example: not eligible for auto-proxying)
2018-08-16 15:07:08 [restartedMain] INFO  PostProcessorRegistrationDelegate$BeanPostProcessorChecker:328 - Bean 'sqlSessionTemplate' of type [class org.mybatis.spring.SqlSessionTemplate] is not eligible for getting processed by all BeanPostProcessors (for example: not eligible for auto-proxying)
2018-08-16 15:07:08 [restartedMain] INFO  PostProcessorRegistrationDelegate$BeanPostProcessorChecker:328 - Bean 'districtsDao' of type [class org.mybatis.spring.mapper.MapperFactoryBean] is not eligible for getting processed by all BeanPostProcessors (for example: not eligible for auto-proxying)
2018-08-16 15:07:08 [restartedMain] INFO  PostProcessorRegistrationDelegate$BeanPostProcessorChecker:328 - Bean 'districtsDao' of type [class com.sun.proxy.$Proxy72] is not eligible for getting processed by all BeanPostProcessors (for example: not eligible for auto-proxying)
2018-08-16 15:07:08 [restartedMain] INFO  PostProcessorRegistrationDelegate$BeanPostProcessorChecker:328 - Bean 'managersDao' of type [class org.mybatis.spring.mapper.MapperFactoryBean] is not eligible for getting processed by all BeanPostProcessors (for example: not eligible for auto-proxying)
2018-08-16 15:07:08 [restartedMain] INFO  PostProcessorRegistrationDelegate$BeanPostProcessorChecker:328 - Bean 'managersDao' of type [class com.sun.proxy.$Proxy76] is not eligible for getting processed by all BeanPostProcessors (for example: not eligible for auto-proxying)
2018-08-16 15:07:08 [restartedMain] INFO  PostProcessorRegistrationDelegate$BeanPostProcessorChecker:328 - Bean 'sheepdogsDao' of type [class org.mybatis.spring.mapper.MapperFactoryBean] is not eligible for getting processed by all BeanPostProcessors (for example: not eligible for auto-proxying)
2018-08-16 15:07:08 [restartedMain] INFO  PostProcessorRegistrationDelegate$BeanPostProcessorChecker:328 - Bean 'sheepdogsDao' of type [class com.sun.proxy.$Proxy78] is not eligible for getting processed by all BeanPostProcessors (for example: not eligible for auto-proxying)
2018-08-16 15:07:08 [restartedMain] INFO  PostProcessorRegistrationDelegate$BeanPostProcessorChecker:328 - Bean 'exhibitrealtimeDao' of type [class org.mybatis.spring.mapper.MapperFactoryBean] is not eligible for getting processed by all BeanPostProcessors (for example: not eligible for auto-proxying)
2018-08-16 15:07:08 [restartedMain] INFO  PostProcessorRegistrationDelegate$BeanPostProcessorChecker:328 - Bean 'exhibitrealtimeDao' of type [class com.sun.proxy.$Proxy79] is not eligible for getting processed by all BeanPostProcessors (for example: not eligible for auto-proxying)
2018-08-16 15:07:08 [restartedMain] INFO  PostProcessorRegistrationDelegate$BeanPostProcessorChecker:328 - Bean 'appexhibitrealtimeDao' of type [class org.mybatis.spring.mapper.MapperFactoryBean] is not eligible for getting processed by all BeanPostProcessors (for example: not eligible for auto-proxying)
2018-08-16 15:07:08 [restartedMain] INFO  PostProcessorRegistrationDelegate$BeanPostProcessorChecker:328 - Bean 'appexhibitrealtimeDao' of type [class com.sun.proxy.$Proxy80] is not eligible for getting processed by all BeanPostProcessors (for example: not eligible for auto-proxying)
2018-08-16 15:07:08 [restartedMain] INFO  PostProcessorRegistrationDelegate$BeanPostProcessorChecker:328 - Bean 'userDao' of type [class org.mybatis.spring.mapper.MapperFactoryBean] is not eligible for getting processed by all BeanPostProcessors (for example: not eligible for auto-proxying)
2018-08-16 15:07:08 [restartedMain] INFO  PostProcessorRegistrationDelegate$BeanPostProcessorChecker:328 - Bean 'userDao' of type [class com.sun.proxy.$Proxy81] is not eligible for getting processed by all BeanPostProcessors (for example: not eligible for auto-proxying)
2018-08-16 15:07:08 [restartedMain] INFO  PostProcessorRegistrationDelegate$BeanPostProcessorChecker:328 - Bean 'userService' of type [class sec.secwatchdog.service.impl.UserServiceImpl] is not eligible for getting processed by all BeanPostProcessors (for example: not eligible for auto-proxying)
2018-08-16 15:07:08 [restartedMain] INFO  PostProcessorRegistrationDelegate$BeanPostProcessorChecker:328 - Bean 'myRealm' of type [class sec.secwatchdog.shiro.ShiroRealm] is not eligible for getting processed by all BeanPostProcessors (for example: not eligible for auto-proxying)
2018-08-16 15:07:08 [restartedMain] INFO  PostProcessorRegistrationDelegate$BeanPostProcessorChecker:328 - Bean 'rememberMeCookie' of type [class org.apache.shiro.web.servlet.SimpleCookie] is not eligible for getting processed by all BeanPostProcessors (for example: not eligible for auto-proxying)
2018-08-16 15:07:08 [restartedMain] INFO  PostProcessorRegistrationDelegate$BeanPostProcessorChecker:328 - Bean 'getRememberManager' of type [class org.apache.shiro.web.mgt.CookieRememberMeManager] is not eligible for getting processed by all BeanPostProcessors (for example: not eligible for auto-proxying)
2018-08-16 15:07:08 [restartedMain] INFO  PostProcessorRegistrationDelegate$BeanPostProcessorChecker:328 - Bean 'securityManager' of type [class org.apache.shiro.web.mgt.DefaultWebSecurityManager] is not eligible for getting processed by all BeanPostProcessors (for example: not eligible for auto-proxying)
2018-08-16 15:07:09 [restartedMain] INFO  TomcatEmbeddedServletContainer:88 - Tomcat initialized with port(s): 8080 (http)
2018-08-16 15:07:09 [restartedMain] INFO  StandardService:179 - Starting service Tomcat
2018-08-16 15:07:09 [restartedMain] INFO  StandardEngine:179 - Starting Servlet Engine: Apache Tomcat/8.5.4
2018-08-16 15:07:09 [localhost-startStop-1] INFO  TldScanner:179 - At least one JAR was scanned for TLDs yet contained no TLDs. Enable debug logging for this logger for a complete list of JARs that were scanned but no TLDs were found in them. Skipping unneeded JARs during scanning can improve startup time and JSP compilation time.
2018-08-16 15:07:09 [localhost-startStop-1] INFO  [/secwatchdog]:179 - Initializing Spring embedded WebApplicationContext
2018-08-16 15:07:09 [localhost-startStop-1] INFO  ContextLoader:276 - Root WebApplicationContext: initialization completed in 5542 ms
2018-08-16 15:07:10 [localhost-startStop-1] INFO  ServletRegistrationBean:190 - Mapping servlet: 'dispatcherServlet' to [/]
2018-08-16 15:07:10 [localhost-startStop-1] INFO  ServletRegistrationBean:190 - Mapping servlet: 'statViewServlet' to [/druid/*]
2018-08-16 15:07:10 [localhost-startStop-1] INFO  FilterRegistrationBean:258 - Mapping filter: 'characterEncodingFilter' to: [/*]
2018-08-16 15:07:10 [localhost-startStop-1] INFO  FilterRegistrationBean:258 - Mapping filter: 'hiddenHttpMethodFilter' to: [/*]
2018-08-16 15:07:10 [localhost-startStop-1] INFO  FilterRegistrationBean:258 - Mapping filter: 'httpPutFormContentFilter' to: [/*]
2018-08-16 15:07:10 [localhost-startStop-1] INFO  FilterRegistrationBean:258 - Mapping filter: 'requestContextFilter' to: [/*]
2018-08-16 15:07:10 [localhost-startStop-1] INFO  FilterRegistrationBean:271 - Mapping filter: 'webStatFilter' to urls: [/*]
2018-08-16 15:07:10 [localhost-startStop-1] INFO  FilterRegistrationBean:258 - Mapping filter: 'shiroFilter' to: [/*]
2018-08-16 15:07:10 [restartedMain] INFO  RequestMappingHandlerAdapter:534 - Looking for @ControllerAdvice: org.springframework.boot.context.embedded.AnnotationConfigEmbeddedWebApplicationContext@286395a3: startup date [Thu Aug 16 15:07:04 CST 2018]; root of context hierarchy
2018-08-16 15:07:10 [restartedMain] INFO  RequestMappingHandlerMapping:543 - Mapped "{[/city/city]}" onto public java.lang.String sec.secwatchdog.controller.CityController.GoToCityPage(java.lang.String,java.lang.String,javax.servlet.http.HttpServletRequest,org.springframework.ui.ModelMap)
2018-08-16 15:07:10 [restartedMain] INFO  RequestMappingHandlerMapping:543 - Mapped "{[/county/county]}" onto public java.lang.String sec.secwatchdog.controller.CountyController.GoToCountyPage(java.lang.String,java.lang.String,java.lang.String,javax.servlet.http.HttpServletRequest,org.springframework.ui.ModelMap)
2018-08-16 15:07:10 [restartedMain] INFO  RequestMappingHandlerMapping:543 - Mapped "{[/hamlet/hamletapi],methods=[POST],produces=[text/html;charset=UTF-8]}" onto public java.lang.String sec.secwatchdog.controller.HamletController.GoToHamlet(net.sf.json.JSONObject,javax.servlet.http.HttpServletRequest)
2018-08-16 15:07:10 [restartedMain] INFO  RequestMappingHandlerMapping:543 - Mapped "{[/hamlet/hamletpage],methods=[POST],produces=[text/html;charset=UTF-8]}" onto public java.lang.String sec.secwatchdog.controller.HamletController.GoToHamletPage(java.lang.String,javax.servlet.http.HttpServletRequest)
2018-08-16 15:07:10 [restartedMain] INFO  RequestMappingHandlerMapping:543 - Mapped "{[/hamlet/hamlet]}" onto public java.lang.String sec.secwatchdog.controller.HamletController.GoTohamletPage(java.lang.String,java.lang.String,java.lang.String,java.lang.String,java.lang.String,javax.servlet.http.HttpServletRequest,org.springframework.ui.ModelMap)
2018-08-16 15:07:10 [restartedMain] INFO  RequestMappingHandlerMapping:543 - Mapped "{[/hamlet/CombineNeckletAndFeederDog],methods=[POST],produces=[text/html;charset=UTF-8]}" onto public java.lang.String sec.secwatchdog.controller.HamletController.getCombineNeckletAndFeederDogByNeckletId(java.lang.String,javax.servlet.http.HttpServletRequest)
2018-08-16 15:07:10 [restartedMain] INFO  RequestMappingHandlerMapping:543 - Mapped "{[/newUser/newUserPage]}" onto public java.lang.String sec.secwatchdog.controller.NewUserController.GoToNewUserPage(java.lang.String,javax.servlet.http.HttpServletRequest,org.springframework.ui.ModelMap)
2018-08-16 15:07:10 [restartedMain] INFO  RequestMappingHandlerMapping:543 - Mapped "{[/newUser/cteateNewUserApi]}" onto public java.lang.String sec.secwatchdog.controller.NewUserController.indexApi(net.sf.json.JSONObject,javax.servlet.http.HttpServletRequest)
2018-08-16 15:07:10 [restartedMain] INFO  RequestMappingHandlerMapping:543 - Mapped "{[/pageManageCommon/index]}" onto public java.lang.String sec.secwatchdog.controller.PageManageCommonController.index(java.lang.String,java.lang.String,javax.servlet.http.HttpServletRequest,org.springframework.ui.ModelMap)
2018-08-16 15:07:10 [restartedMain] INFO  RequestMappingHandlerMapping:543 - Mapped "{[/pageManageCommon/indexApi]}" onto public java.lang.String sec.secwatchdog.controller.PageManageCommonController.indexApi(net.sf.json.JSONObject,javax.servlet.http.HttpServletRequest)
2018-08-16 15:07:10 [restartedMain] INFO  RequestMappingHandlerMapping:543 - Mapped "{[/pageManageCommon/hamletManagerApi]}" onto public java.lang.String sec.secwatchdog.controller.PageManageCommonController.hamletManagerApi(net.sf.json.JSONObject,javax.servlet.http.HttpServletRequest)
2018-08-16 15:07:10 [restartedMain] INFO  RequestMappingHandlerMapping:543 - Mapped "{[/pageManageCommon/hamletManager]}" onto public java.lang.String sec.secwatchdog.controller.PageManageCommonController.hamletManager(javax.servlet.http.HttpServletRequest,org.springframework.ui.ModelMap)
2018-08-16 15:07:10 [restartedMain] INFO  RequestMappingHandlerMapping:543 - Mapped "{[/pageManageCommon/searchManagerApi],methods=[POST],produces=[text/html;charset=UTF-8]}" onto public java.lang.String sec.secwatchdog.controller.PageManageCommonController.SearchManagerApi(net.sf.json.JSONObject,javax.servlet.http.HttpServletRequest)
2018-08-16 15:07:10 [restartedMain] INFO  RequestMappingHandlerMapping:543 - Mapped "{[/pageManageCommon/pagedog]}" onto public java.lang.String sec.secwatchdog.controller.PageManageCommonController.PageDog(int,javax.servlet.http.HttpServletRequest,org.springframework.ui.ModelMap)
2018-08-16 15:07:10 [restartedMain] INFO  RequestMappingHandlerMapping:543 - Mapped "{[/pageManageCommon/pagedogapi]}" onto public java.lang.String sec.secwatchdog.controller.PageManageCommonController.PagedogApi(net.sf.json.JSONObject,javax.servlet.http.HttpServletRequest)
2018-08-16 15:07:10 [restartedMain] INFO  RequestMappingHandlerMapping:543 - Mapped "{[/personal/pagePersonal]}" onto public java.lang.String sec.secwatchdog.controller.PersonalController.GoToPersonalPage(javax.servlet.http.HttpServletRequest,org.springframework.ui.ModelMap)
2018-08-16 15:07:10 [restartedMain] INFO  RequestMappingHandlerMapping:543 - Mapped "{[/personal/pagePersonalApi]}" onto public java.lang.String sec.secwatchdog.controller.PersonalController.indexApi(net.sf.json.JSONObject,javax.servlet.http.HttpServletRequest)
2018-08-16 15:07:10 [restartedMain] INFO  RequestMappingHandlerMapping:543 - Mapped "{[/province/province]}" onto public java.lang.String sec.secwatchdog.controller.ProvinceController.GoToProvincePage(java.lang.String,javax.servlet.http.HttpServletRequest,org.springframework.ui.ModelMap)
2018-08-16 15:07:10 [restartedMain] INFO  RequestMappingHandlerMapping:543 - Mapped "{[/shiro/index]}" onto public org.springframework.web.servlet.ModelAndView sec.secwatchdog.controller.ShiroController.getIndex(javax.servlet.http.HttpServletRequest) throws java.lang.Exception
2018-08-16 15:07:10 [restartedMain] INFO  RequestMappingHandlerMapping:543 - Mapped "{[/shiro/error]}" onto public org.springframework.web.servlet.ModelAndView sec.secwatchdog.controller.ShiroController.exceptionForPageJumps(javax.servlet.http.HttpServletRequest) throws java.lang.Exception
2018-08-16 15:07:10 [restartedMain] INFO  RequestMappingHandlerMapping:543 - Mapped "{[/shiro/businessException.json],methods=[POST]}" onto public java.lang.String sec.secwatchdog.controller.ShiroController.businessException(javax.servlet.http.HttpServletRequest)
2018-08-16 15:07:10 [restartedMain] INFO  RequestMappingHandlerMapping:543 - Mapped "{[/shiro/logout],methods=[POST]}" onto public java.lang.String sec.secwatchdog.controller.ShiroController.logout()
2018-08-16 15:07:10 [restartedMain] INFO  RequestMappingHandlerMapping:543 - Mapped "{[/shiro/otherException.json],methods=[POST]}" onto public java.lang.String sec.secwatchdog.controller.ShiroController.otherException(javax.servlet.http.HttpServletRequest) throws java.lang.Exception
2018-08-16 15:07:10 [restartedMain] INFO  RequestMappingHandlerMapping:543 - Mapped "{[/shiro/checkLogin],methods=[POST]}" onto public java.lang.String sec.secwatchdog.controller.ShiroController.checkLogin(java.lang.String,java.lang.String)
2018-08-16 15:07:10 [restartedMain] INFO  RequestMappingHandlerMapping:543 - Mapped "{[/shiro/login]}" onto public org.springframework.web.servlet.ModelAndView sec.secwatchdog.controller.ShiroController.login() throws java.lang.Exception
2018-08-16 15:07:10 [restartedMain] INFO  RequestMappingHandlerMapping:543 - Mapped "{[/shiro/success]}" onto public org.springframework.web.servlet.ModelAndView sec.secwatchdog.controller.ShiroController.loginsuccess() throws java.lang.Exception
2018-08-16 15:07:10 [restartedMain] INFO  RequestMappingHandlerMapping:543 - Mapped "{[/user/index]}" onto public java.lang.String sec.secwatchdog.controller.UserController.index(javax.servlet.http.HttpServletRequest,org.springframework.ui.ModelMap,org.springframework.web.servlet.mvc.support.RedirectAttributes) throws java.io.UnsupportedEncodingException
2018-08-16 15:07:10 [restartedMain] INFO  RequestMappingHandlerMapping:543 - Mapped "{[/user/main]}" onto public java.lang.String sec.secwatchdog.controller.UserController.main(javax.servlet.http.HttpServletRequest,org.springframework.ui.Model)
2018-08-16 15:07:10 [restartedMain] INFO  RequestMappingHandlerMapping:543 - Mapped "{[/user/logout]}" onto public java.lang.String sec.secwatchdog.controller.UserController.logout(javax.servlet.http.HttpSession)
2018-08-16 15:07:10 [restartedMain] INFO  RequestMappingHandlerMapping:543 - Mapped "{[/user/login],methods=[POST],produces=[text/html;charset=UTF-8]}" onto public java.lang.String sec.secwatchdog.controller.UserController.login(sec.secwatchdog.model.Managers,javax.servlet.http.HttpServletRequest)
2018-08-16 15:07:10 [restartedMain] INFO  RequestMappingHandlerMapping:543 - Mapped "{[/userProfile/userProfilePage]}" onto public java.lang.String sec.secwatchdog.controller.UserProfileController.GoToUserProfilePage(java.lang.String,javax.servlet.http.HttpServletRequest,org.springframework.ui.ModelMap)
2018-08-16 15:07:10 [restartedMain] INFO  RequestMappingHandlerMapping:543 - Mapped "{[/userProfile/userProfileFarmPage]}" onto public java.lang.String sec.secwatchdog.controller.UserProfileController.GoToUserProfileFarmPage(java.lang.String,javax.servlet.http.HttpServletRequest,org.springframework.ui.ModelMap)
2018-08-16 15:07:10 [restartedMain] INFO  RequestMappingHandlerMapping:543 - Mapped "{[/userProfile/userProfileFarmPageApi]}" onto public java.lang.String sec.secwatchdog.controller.UserProfileController.GoToUserProfileFarmPageApi(net.sf.json.JSONObject,javax.servlet.http.HttpServletRequest)
2018-08-16 15:07:10 [restartedMain] INFO  RequestMappingHandlerMapping:543 - Mapped "{[/userProfile/userProfileApi]}" onto public java.lang.String sec.secwatchdog.controller.UserProfileController.UserProfileApi(net.sf.json.JSONObject,javax.servlet.http.HttpServletRequest)
2018-08-16 15:07:10 [restartedMain] INFO  RequestMappingHandlerMapping:543 - Mapped "{[/village/village]}" onto public java.lang.String sec.secwatchdog.controller.VillageController.GoToCountyPage(java.lang.String,java.lang.String,java.lang.String,java.lang.String,javax.servlet.http.HttpServletRequest,org.springframework.ui.ModelMap)
2018-08-16 15:07:10 [restartedMain] INFO  RequestMappingHandlerMapping:543 - Mapped "{[/error]}" onto public org.springframework.http.ResponseEntity<java.util.Map<java.lang.String, java.lang.Object>> org.springframework.boot.autoconfigure.web.BasicErrorController.error(javax.servlet.http.HttpServletRequest)
2018-08-16 15:07:10 [restartedMain] INFO  RequestMappingHandlerMapping:543 - Mapped "{[/error],produces=[text/html]}" onto public org.springframework.web.servlet.ModelAndView org.springframework.boot.autoconfigure.web.BasicErrorController.errorHtml(javax.servlet.http.HttpServletRequest,javax.servlet.http.HttpServletResponse)
2018-08-16 15:07:10 [restartedMain] INFO  SimpleUrlHandlerMapping:354 - Mapped URL path [/webjars/**] onto handler of type [class org.springframework.web.servlet.resource.ResourceHttpRequestHandler]
2018-08-16 15:07:10 [restartedMain] INFO  SimpleUrlHandlerMapping:354 - Mapped URL path [/**] onto handler of type [class org.springframework.web.servlet.resource.ResourceHttpRequestHandler]
2018-08-16 15:07:10 [restartedMain] INFO  SimpleUrlHandlerMapping:354 - Mapped URL path [/**/favicon.ico] onto handler of type [class org.springframework.web.servlet.resource.ResourceHttpRequestHandler]
2018-08-16 15:07:11 [restartedMain] INFO  OptionalLiveReloadServer:58 - LiveReload server is running on port 35729
2018-08-16 15:07:11 [restartedMain] INFO  AnnotationMBeanExporter:431 - Registering beans for JMX exposure on startup
2018-08-16 15:07:11 [restartedMain] INFO  AnnotationMBeanExporter:912 - Bean with name 'statFilter' has been autodetected for JMX exposure
2018-08-16 15:07:11 [restartedMain] INFO  AnnotationMBeanExporter:912 - Bean with name 'dataSource' has been autodetected for JMX exposure
2018-08-16 15:07:11 [restartedMain] INFO  AnnotationMBeanExporter:667 - Located MBean 'dataSource': registering with JMX server as MBean [com.alibaba.druid.spring.boot.autoconfigure:name=dataSource,type=DruidDataSourceWrapper]
2018-08-16 15:07:11 [restartedMain] INFO  AnnotationMBeanExporter:667 - Located MBean 'statFilter': registering with JMX server as MBean [com.alibaba.druid.filter.stat:name=statFilter,type=StatFilter]
2018-08-16 15:07:11 [restartedMain] INFO  Http11NioProtocol:179 - Initializing ProtocolHandler ["http-nio-8080"]
2018-08-16 15:07:11 [restartedMain] INFO  Http11NioProtocol:179 - Starting ProtocolHandler [http-nio-8080]
2018-08-16 15:07:11 [restartedMain] INFO  NioSelectorPool:179 - Using a shared selector for servlet write/read
2018-08-16 15:07:11 [restartedMain] INFO  TomcatEmbeddedServletContainer:186 - Tomcat started on port(s): 8080 (http)
2018-08-16 15:07:11 [restartedMain] INFO  SecWatchDogApplication:57 - Started SecWatchDogApplication in 7.838 seconds (JVM running for 8.922)
2018-08-16 15:07:21 [http-nio-8080-exec-1] INFO  [/secwatchdog]:179 - Initializing Spring FrameworkServlet 'dispatcherServlet'
2018-08-16 15:07:21 [http-nio-8080-exec-1] INFO  DispatcherServlet:489 - FrameworkServlet 'dispatcherServlet': initialization started
2018-08-16 15:07:21 [http-nio-8080-exec-1] INFO  DispatcherServlet:508 - FrameworkServlet 'dispatcherServlet': initialization completed in 25 ms
2018-08-16 15:07:24 [http-nio-8080-exec-16] INFO  UserController:67 - 用户[admin]登录认证通过(这里可进行一些认证通过后的系统参数初始化操作)
